2025.09.04 11:00:54 INFO  Started: Metals version 1.6.2 in folders '/Users/school/computational-thinking-week-group-ROBOCOPS' for client Visual Studio Code 1.96.4.
2025.09.04 11:00:54 INFO  no build target found for /Users/school/computational-thinking-week-group-ROBOCOPS/challenge_day4/scala_step6/Main.scala. Using presentation compiler with project's scala-library version: 3.3.6
2025.09.04 11:00:55 INFO  no build target found for /Users/school/computational-thinking-week-group-ROBOCOPS/challenge_day4/scala_step6/Main.scala. Using presentation compiler with project's scala-library version: 3.3.6
2025.09.04 11:00:55 INFO  Running List(/Users/school/Library/Application Support/Coursier/bin/scala-cli, setup-ide, /Users/school/computational-thinking-week-group-ROBOCOPS)
2025.09.04 11:00:55 INFO  no build target found for /Users/school/computational-thinking-week-group-ROBOCOPS/challenge_day4/scala_step6/Main.scala. Using presentation compiler with project's scala-library version: 3.3.6
2025.09.04 11:00:55 WARN  no build target for: /Users/school/computational-thinking-week-group-ROBOCOPS/challenge_day4/scala_step6/Main.scala
2025.09.04 11:00:55 ERROR scala.meta.internal.metals.debug.DiscoveryFailures$BuildTargetNotFoundForPathException: No build target could be found for the path: /Users/school/computational-thinking-week-group-ROBOCOPS/challenge_day4/scala_step6/Main.scala
	at scala.meta.internal.metals.debug.DebugDiscovery.validate(DebugDiscovery.scala:84)
	at scala.meta.internal.metals.debug.DebugDiscovery.debugDiscovery(DebugDiscovery.scala:154)
	at scala.meta.internal.metals.MetalsLspService.debugDiscovery(MetalsLspService.scala:1486)
	at scala.meta.internal.metals.WorkspaceLspService.executeCommand(WorkspaceLspService.scala:1118)
	at scala.meta.metals.lsp.DelegatingScalaService.executeCommand(DelegatingScalaService.scala:169)
	at jdk.internal.reflect.NativeMethodAccessorImpl.invoke0(Native Method)
	at jdk.internal.reflect.NativeMethodAccessorImpl.invoke(NativeMethodAccessorImpl.java:77)
	at jdk.internal.reflect.DelegatingMethodAccessorImpl.invoke(DelegatingMethodAccessorImpl.java:43)
	at java.lang.reflect.Method.invoke(Method.java:569)
	at org.eclipse.lsp4j.jsonrpc.services.GenericEndpoint.lambda$recursiveFindRpcMethods$0(GenericEndpoint.java:65)
	at org.eclipse.lsp4j.jsonrpc.services.GenericEndpoint.request(GenericEndpoint.java:128)
	at org.eclipse.lsp4j.jsonrpc.RemoteEndpoint.handleRequest(RemoteEndpoint.java:271)
	at org.eclipse.lsp4j.jsonrpc.RemoteEndpoint.consume(RemoteEndpoint.java:201)
	at org.eclipse.lsp4j.jsonrpc.json.StreamMessageProducer.handleMessage(StreamMessageProducer.java:185)
	at org.eclipse.lsp4j.jsonrpc.json.StreamMessageProducer.listen(StreamMessageProducer.java:97)
	at org.eclipse.lsp4j.jsonrpc.json.ConcurrentMessageProcessor.run(ConcurrentMessageProcessor.java:114)
	at java.util.concurrent.Executors$RunnableAdapter.call(Executors.java:539)
	at java.util.concurrent.FutureTask.run(FutureTask.java:264)
	at java.util.concurrent.ThreadPoolExecutor.runWorker(ThreadPoolExecutor.java:1136)
	at java.util.concurrent.ThreadPoolExecutor$Worker.run(ThreadPoolExecutor.java:635)
	at java.lang.Thread.run(Thread.java:840)

2025.09.04 11:00:55 INFO  Attempting to connect to the build server...
2025.09.04 11:00:55 INFO  Running BSP server List(/Users/school/Library/Application Support/Coursier/bin/.scala-cli.aux, bsp, --json-options, /Users/school/computational-thinking-week-group-ROBOCOPS/.scala-build/ide-options-v2.json, --json-launcher-options, /Users/school/computational-thinking-week-group-ROBOCOPS/.scala-build/ide-launcher-options.json, --envs-file, /Users/school/computational-thinking-week-group-ROBOCOPS/.scala-build/ide-envs.json, /Users/school/computational-thinking-week-group-ROBOCOPS)
2025.09.04 11:00:55 INFO  tracing is disabled for protocol BSP, to enable tracing of incoming and outgoing JSON messages create an empty file at /Users/school/computational-thinking-week-group-ROBOCOPS/.metals/bsp.trace.json or /Users/school/Library/Caches/org.scalameta.metals/bsp.trace.json
2025.09.04 11:00:56 INFO  time: Connected to build server in 1.14s
2025.09.04 11:00:56 INFO  Connected to Build server: scala-cli v1.9.0
2025.09.04 11:00:58 INFO  time: indexed workspace in 2.11s
2025.09.04 13:14:34 INFO  compiling computational-thinking-week-group-robocops_0021c903f0 (2 scala sources)
2025.09.04 13:14:34 INFO  time: compiled computational-thinking-week-group-ROBOCOPS_0021c903f0 in 0.29s
2025.09.04 13:14:34 INFO  time: Imported build in 0.35s
2025.09.04 13:14:35 INFO  no build target found for /Users/school/computational-thinking-week-group-ROBOCOPS/challenge_day4/scala_step6/Main.scala. Using presentation compiler with project's scala-library version: 3.7.2
2025.09.04 13:14:34 INFO  time: indexed workspace in 0.91s
2025.09.04 13:14:34 WARN  no build target for: /Users/school/computational-thinking-week-group-ROBOCOPS/challenge_day4/scala_step6/Main.scala
2025.09.04 13:14:35 INFO  no build target found for /Users/school/computational-thinking-week-group-ROBOCOPS/challenge_day4/scala_step6/Main.scala. Using presentation compiler with project's scala-library version: 3.7.2
2025.09.04 13:14:37 INFO  no build target found for /Users/school/computational-thinking-week-group-ROBOCOPS/challenge_day4/scala_step6/Main.scala. Using presentation compiler with project's scala-library version: 3.7.2
2025.09.04 13:15:12 INFO  no build target found for /Users/school/computational-thinking-week-group-ROBOCOPS/challenge_day4/scala_step6/Main.scala. Using presentation compiler with project's scala-library version: 3.7.2
2025.09.04 13:15:35 INFO  no build target found for /Users/school/computational-thinking-week-group-ROBOCOPS/challenge_day4/scala_step6/Main.scala. Using presentation compiler with project's scala-library version: 3.7.2
2025.09.04 13:15:41 INFO  no build target found for /Users/school/computational-thinking-week-group-ROBOCOPS/challenge_day4/scala_step6/build.sbt. Using presentation compiler with project's scala-library version: 3.7.2
2025.09.04 13:15:41 WARN  no build target for: /Users/school/computational-thinking-week-group-ROBOCOPS/challenge_day4/scala_step6/build.sbt
2025.09.04 13:15:41 INFO  no build target found for /Users/school/computational-thinking-week-group-ROBOCOPS/challenge_day4/scala_step6/build.sbt. Using presentation compiler with project's scala-library version: 3.7.2
2025.09.04 13:15:41 INFO  no build target found for /Users/school/computational-thinking-week-group-ROBOCOPS/challenge_day4/scala_step6/build.sbt. Using presentation compiler with project's scala-library version: 3.7.2
2025.09.04 13:15:41 INFO  no build target found for /Users/school/computational-thinking-week-group-ROBOCOPS/challenge_day4/scala_step6/build.sbt. Using presentation compiler with project's scala-library version: 3.7.2
2025.09.04 13:15:41 INFO  no build target found for /Users/school/computational-thinking-week-group-ROBOCOPS/challenge_day4/scala_step6/build.sbt. Using presentation compiler with project's scala-library version: 3.7.2
2025.09.04 13:15:44 INFO  no build target found for /Users/school/computational-thinking-week-group-ROBOCOPS/challenge_day4/scala_step6/build.sbt. Using presentation compiler with project's scala-library version: 3.7.2
2025.09.04 13:15:44 INFO  no build target found for /Users/school/computational-thinking-week-group-ROBOCOPS/challenge_day4/scala_step6/build.sbt. Using presentation compiler with project's scala-library version: 3.7.2
2025.09.04 13:15:44 INFO  no build target found for /Users/school/computational-thinking-week-group-ROBOCOPS/challenge_day4/scala_step6/build.sbt. Using presentation compiler with project's scala-library version: 3.7.2
2025.09.04 13:15:44 WARN  no build target for: /Users/school/computational-thinking-week-group-ROBOCOPS/challenge_day4/scala_step6/build.sbt
2025.09.04 13:15:44 INFO  no build target found for /Users/school/computational-thinking-week-group-ROBOCOPS/challenge_day4/scala_step6/build.sbt. Using presentation compiler with project's scala-library version: 3.7.2
2025.09.04 13:15:45 INFO  no build target found for /Users/school/computational-thinking-week-group-ROBOCOPS/challenge_day4/scala_step6/build.sbt. Using presentation compiler with project's scala-library version: 3.7.2
2025.09.04 13:15:45 INFO  no build target found for /Users/school/computational-thinking-week-group-ROBOCOPS/challenge_day4/scala_step6/build.sbt. Using presentation compiler with project's scala-library version: 3.7.2
2025.09.04 13:15:53 INFO  no build target found for /Users/school/computational-thinking-week-group-ROBOCOPS/challenge_day4/scala_step6/build.sbt. Using presentation compiler with project's scala-library version: 3.7.2
2025.09.04 13:16:09 INFO  tracing is disabled for protocol dap-server, to enable tracing of incoming and outgoing JSON messages create an empty file at /Users/school/computational-thinking-week-group-ROBOCOPS/.metals/dap-server.trace.json or /Users/school/Library/Caches/org.scalameta.metals/dap-server.trace.json
2025.09.04 13:16:09 INFO  tracing is disabled for protocol dap-client, to enable tracing of incoming and outgoing JSON messages create an empty file at /Users/school/computational-thinking-week-group-ROBOCOPS/.metals/dap-client.trace.json or /Users/school/Library/Caches/org.scalameta.metals/dap-client.trace.json
2025.09.04 13:16:10 INFO  Starting debug proxy for [Main]
2025.09.04 13:16:10 INFO  Loaded expression compiler in 0 milliseconds
2025.09.04 13:16:10 INFO  Loaded step filter in 0 milliseconds
2025.09.04 13:16:11 INFO  tracing is disabled for protocol dap-server, to enable tracing of incoming and outgoing JSON messages create an empty file at /Users/school/computational-thinking-week-group-ROBOCOPS/.metals/dap-server.trace.json or /Users/school/Library/Caches/org.scalameta.metals/dap-server.trace.json
2025.09.04 13:16:11 INFO  tracing is disabled for protocol dap-client, to enable tracing of incoming and outgoing JSON messages create an empty file at /Users/school/computational-thinking-week-group-ROBOCOPS/.metals/dap-client.trace.json or /Users/school/Library/Caches/org.scalameta.metals/dap-client.trace.json
2025.09.04 13:16:11 INFO  Starting debug proxy for [Main]
2025.09.04 13:16:11 INFO  Loaded expression compiler in 1 millisecond
2025.09.04 13:16:11 INFO  Loaded step filter in 1 millisecond
2025.09.04 13:16:12 INFO  Loaded all sources and classes in 2 seconds
2025.09.04 13:16:12 INFO  Loaded all sources and classes in 1 second
2025.09.04 13:16:12 INFO  Initialized Scala 3 decoder in 398 milliseconds
2025.09.04 13:16:12 INFO  Trying to attach to remote debuggee VM localhost:50716 .
2025.09.04 13:16:12 INFO  Attaching to debuggee VM succeeded.
2025.09.04 13:16:13 INFO  Initialized Scala 3 decoder in 679 milliseconds
2025.09.04 13:16:13 INFO  Trying to attach to remote debuggee VM localhost:50722 .
2025.09.04 13:16:13 INFO  Attaching to debuggee VM succeeded.
2025.09.04 13:16:13 INFO  Canceling debug proxy for [Main]
2025.09.04 13:16:13 INFO  Read data from io exception: java.net.SocketException: Socket closed (full report at: "/Users/school/computational-thinking-week-group-ROBOCOPS/.metals/.reports/bloop/2025-09-04/r_Read data from io ex..._10-48-04-156.md")
2025.09.04 13:16:13 INFO  Closing debug server tcp://0.0.0.0:50714
2025.09.04 13:16:13 INFO  Canceling debug proxy for [Main]
2025.09.04 13:16:13 INFO  Closing debug server tcp://0.0.0.0:50719
2025.09.04 13:17:38 INFO  tracing is disabled for protocol dap-server, to enable tracing of incoming and outgoing JSON messages create an empty file at /Users/school/computational-thinking-week-group-ROBOCOPS/.metals/dap-server.trace.json or /Users/school/Library/Caches/org.scalameta.metals/dap-server.trace.json
2025.09.04 13:17:38 INFO  tracing is disabled for protocol dap-client, to enable tracing of incoming and outgoing JSON messages create an empty file at /Users/school/computational-thinking-week-group-ROBOCOPS/.metals/dap-client.trace.json or /Users/school/Library/Caches/org.scalameta.metals/dap-client.trace.json
2025.09.04 13:17:38 INFO  Starting debug proxy for [Main]
2025.09.04 13:17:38 INFO  Loaded expression compiler in 0 milliseconds
2025.09.04 13:17:38 INFO  Loaded step filter in 0 milliseconds
2025.09.04 13:17:39 INFO  Loaded all sources and classes in 1 second
2025.09.04 13:17:39 INFO  Initialized Scala 3 decoder in 698 milliseconds
2025.09.04 13:17:39 INFO  Trying to attach to remote debuggee VM localhost:50732 .
2025.09.04 13:17:39 INFO  Attaching to debuggee VM succeeded.
2025.09.04 13:17:41 INFO  Canceling debug proxy for [Main]
2025.09.04 13:17:41 INFO  Closing debug server tcp://0.0.0.0:50729
2025.09.04 13:18:44 INFO  tracing is disabled for protocol dap-server, to enable tracing of incoming and outgoing JSON messages create an empty file at /Users/school/computational-thinking-week-group-ROBOCOPS/.metals/dap-server.trace.json or /Users/school/Library/Caches/org.scalameta.metals/dap-server.trace.json
2025.09.04 13:18:44 INFO  tracing is disabled for protocol dap-client, to enable tracing of incoming and outgoing JSON messages create an empty file at /Users/school/computational-thinking-week-group-ROBOCOPS/.metals/dap-client.trace.json or /Users/school/Library/Caches/org.scalameta.metals/dap-client.trace.json
2025.09.04 13:18:44 INFO  Starting debug proxy for [Main]
2025.09.04 13:18:44 INFO  Loaded expression compiler in 1 millisecond
2025.09.04 13:18:44 INFO  Loaded step filter in 0 milliseconds
2025.09.04 13:18:46 INFO  Loaded all sources and classes in 1 second
2025.09.04 13:18:46 INFO  Initialized Scala 3 decoder in 676 milliseconds
2025.09.04 13:18:46 INFO  Trying to attach to remote debuggee VM localhost:50739 .
2025.09.04 13:18:46 INFO  Attaching to debuggee VM succeeded.
2025.09.04 13:18:47 INFO  Closing debug server tcp://0.0.0.0:50736
2025.09.04 13:18:47 INFO  Canceling debug proxy for [Main]
2025.09.04 13:19:18 INFO  tracing is disabled for protocol dap-server, to enable tracing of incoming and outgoing JSON messages create an empty file at /Users/school/computational-thinking-week-group-ROBOCOPS/.metals/dap-server.trace.json or /Users/school/Library/Caches/org.scalameta.metals/dap-server.trace.json
2025.09.04 13:19:18 INFO  tracing is disabled for protocol dap-client, to enable tracing of incoming and outgoing JSON messages create an empty file at /Users/school/computational-thinking-week-group-ROBOCOPS/.metals/dap-client.trace.json or /Users/school/Library/Caches/org.scalameta.metals/dap-client.trace.json
2025.09.04 13:19:18 INFO  Starting debug proxy for [Main]
2025.09.04 13:19:18 INFO  Loaded expression compiler in 1 millisecond
2025.09.04 13:19:18 INFO  Loaded step filter in 0 milliseconds
2025.09.04 13:19:19 INFO  Loaded all sources and classes in 1 second
2025.09.04 13:19:19 INFO  Initialized Scala 3 decoder in 241 milliseconds
2025.09.04 13:19:19 INFO  Trying to attach to remote debuggee VM localhost:50747 .
2025.09.04 13:19:19 INFO  Attaching to debuggee VM succeeded.
2025.09.04 13:19:20 INFO  Canceling debug proxy for [Main]
2025.09.04 13:19:19 INFO  Closing debug server tcp://0.0.0.0:50744
2025.09.04 13:20:43 INFO  no build target found for /Users/school/computational-thinking-week-group-ROBOCOPS/challenge_day4/scala_step6/build.sbt. Using presentation compiler with project's scala-library version: 3.7.2
2025.09.04 13:20:43 INFO  no build target found for /Users/school/computational-thinking-week-group-ROBOCOPS/challenge_day4/scala_step6/build.sbt. Using presentation compiler with project's scala-library version: 3.7.2
2025.09.04 13:20:43 WARN  no build target for: /Users/school/computational-thinking-week-group-ROBOCOPS/challenge_day4/scala_step6/build.sbt
2025.09.04 13:20:43 INFO  no build target found for /Users/school/computational-thinking-week-group-ROBOCOPS/challenge_day4/scala_step6/build.sbt. Using presentation compiler with project's scala-library version: 3.7.2
2025.09.04 13:20:43 INFO  no build target found for /Users/school/computational-thinking-week-group-ROBOCOPS/challenge_day4/scala_step6/build.sbt. Using presentation compiler with project's scala-library version: 3.7.2
2025.09.04 13:20:43 INFO  no build target found for /Users/school/computational-thinking-week-group-ROBOCOPS/challenge_day4/scala_step6/build.sbt. Using presentation compiler with project's scala-library version: 3.7.2
2025.09.04 13:24:21 INFO  no build target found for /Users/school/computational-thinking-week-group-ROBOCOPS/challenge_day4/scala_step6/build.sbt. Using presentation compiler with project's scala-library version: 3.7.2
Sep. 04, 2025 1:24:42 PM org.eclipse.lsp4j.jsonrpc.services.GenericEndpoint notify
INFORMATION: Unsupported notification method: $/setTrace
